Feb 24, 2019 1:55:34 AM org.apache.catalina.startup.VersionLoggerListener log
INFO: Server version:        Apache Tomcat/7.0.92
Feb 24, 2019 1:55:34 AM org.apache.catalina.startup.VersionLoggerListener log
INFO: Server built:          Nov 9 2018 11:07:44 UTC
Feb 24, 2019 1:55:34 AM org.apache.catalina.startup.VersionLoggerListener log
INFO: Server number:         7.0.92.0
Feb 24, 2019 1:55:34 AM org.apache.catalina.startup.VersionLoggerListener log
INFO: OS Name:               Linux
Feb 24, 2019 1:55:34 AM org.apache.catalina.startup.VersionLoggerListener log
INFO: OS Version:            4.4.0-1075-aws
Feb 24, 2019 1:55:34 AM org.apache.catalina.startup.VersionLoggerListener log
INFO: Architecture:          amd64
Feb 24, 2019 1:55:34 AM org.apache.catalina.startup.VersionLoggerListener log
INFO: Java Home:             /usr/lib/jvm/java-8-openjdk-amd64/jre
Feb 24, 2019 1:55:34 AM org.apache.catalina.startup.VersionLoggerListener log
INFO: JVM Version:           1.8.0_191-8u191-b12-2ubuntu0.16.04.1-b12
Feb 24, 2019 1:55:34 AM org.apache.catalina.startup.VersionLoggerListener log
INFO: JVM Vendor:            Oracle Corporation
Feb 24, 2019 1:55:34 AM org.apache.catalina.startup.VersionLoggerListener log
INFO: CATALINA_BASE:         /home/ubuntu/distross/apache-tomcat-7.0.92
Feb 24, 2019 1:55:34 AM org.apache.catalina.startup.VersionLoggerListener log
INFO: CATALINA_HOME:         /home/ubuntu/distross/apache-tomcat-7.0.92
Feb 24, 2019 1:55:34 AM org.apache.catalina.startup.VersionLoggerListener log
INFO: Command line argument: -Djava.util.logging.config.file=/home/ubuntu/distross/apache-tomcat-7.0.92/conf/logging.properties
Feb 24, 2019 1:55:34 AM org.apache.catalina.startup.VersionLoggerListener log
INFO: Command line argument: -Djava.util.logging.manager=org.apache.juli.ClassLoaderLogManager
Feb 24, 2019 1:55:34 AM org.apache.catalina.startup.VersionLoggerListener log
INFO: Command line argument: -Djdk.tls.ephemeralDHKeySize=2048
Feb 24, 2019 1:55:34 AM org.apache.catalina.startup.VersionLoggerListener log
INFO: Command line argument: -Dignore.endorsed.dirs=
Feb 24, 2019 1:55:34 AM org.apache.catalina.startup.VersionLoggerListener log
INFO: Command line argument: -Dcatalina.base=/home/ubuntu/distross/apache-tomcat-7.0.92
Feb 24, 2019 1:55:34 AM org.apache.catalina.startup.VersionLoggerListener log
INFO: Command line argument: -Dcatalina.home=/home/ubuntu/distross/apache-tomcat-7.0.92
Feb 24, 2019 1:55:34 AM org.apache.catalina.startup.VersionLoggerListener log
INFO: Command line argument: -Djava.io.tmpdir=/home/ubuntu/distross/apache-tomcat-7.0.92/temp
Feb 24, 2019 1:55:34 AM org.apache.catalina.core.AprLifecycleListener lifecycleEvent
INFO: The APR based Apache Tomcat Native library which allows optimal performance in production environments was not found on the java.library.path: /usr/java/packages/lib/amd64:/usr/lib/x86_64-linux-gnu/jni:/lib/x86_64-linux-gnu:/usr/lib/x86_64-linux-gnu:/usr/lib/jni:/lib:/usr/lib
Feb 24, 2019 1:55:34 AM org.apache.coyote.AbstractProtocol init
INFO: Initializing ProtocolHandler ["http-bio-8080"]
Feb 24, 2019 1:55:34 AM org.apache.coyote.AbstractProtocol init
INFO: Initializing ProtocolHandler ["ajp-bio-8009"]
Feb 24, 2019 1:55:34 AM org.apache.catalina.startup.Catalina load
INFO: Initialization processed in 1234 ms
Feb 24, 2019 1:55:34 AM org.apache.catalina.core.StandardService startInternal
INFO: Starting service Catalina
Feb 24, 2019 1:55:34 AM org.apache.catalina.core.StandardEngine startInternal
INFO: Starting Servlet Engine: Apache Tomcat/7.0.92
Feb 24, 2019 1:55:34 AM org.apache.catalina.startup.HostConfig deployWAR
INFO: Deploying web application archive /home/ubuntu/distross/apache-tomcat-7.0.92/webapps/flipkart.war
Feb 24, 2019 1:55:35 AM org.apache.catalina.startup.HostConfig deployWAR
INFO: Deployment of web application archive /home/ubuntu/distross/apache-tomcat-7.0.92/webapps/flipkart.war has finished in 749 ms
Feb 24, 2019 1:55:35 AM org.apache.catalina.startup.HostConfig deployDirectory
INFO: Deploying web application directory /home/ubuntu/distross/apache-tomcat-7.0.92/webapps/manager
Feb 24, 2019 1:55:35 AM org.apache.catalina.startup.HostConfig deployDirectory
INFO: Deployment of web application directory /home/ubuntu/distross/apache-tomcat-7.0.92/webapps/manager has finished in 135 ms
Feb 24, 2019 1:55:35 AM org.apache.catalina.startup.HostConfig deployDirectory
INFO: Deploying web application directory /home/ubuntu/distross/apache-tomcat-7.0.92/webapps/docs
Feb 24, 2019 1:55:35 AM org.apache.catalina.startup.HostConfig deployDirectory
INFO: Deployment of web application directory /home/ubuntu/distross/apache-tomcat-7.0.92/webapps/docs has finished in 94 ms
Feb 24, 2019 1:55:35 AM org.apache.catalina.startup.HostConfig deployDirectory
INFO: Deploying web application directory /home/ubuntu/distross/apache-tomcat-7.0.92/webapps/examples
Feb 24, 2019 1:55:36 AM org.apache.catalina.startup.HostConfig deployDirectory
INFO: Deployment of web application directory /home/ubuntu/distross/apache-tomcat-7.0.92/webapps/examples has finished in 417 ms
Feb 24, 2019 1:55:36 AM org.apache.catalina.startup.HostConfig deployDirectory
INFO: Deploying web application directory /home/ubuntu/distross/apache-tomcat-7.0.92/webapps/host-manager
Feb 24, 2019 1:55:36 AM org.apache.catalina.startup.HostConfig deployDirectory
INFO: Deployment of web application directory /home/ubuntu/distross/apache-tomcat-7.0.92/webapps/host-manager has finished in 81 ms
Feb 24, 2019 1:55:36 AM org.apache.catalina.startup.HostConfig deployDirectory
INFO: Deploying web application directory /home/ubuntu/distross/apache-tomcat-7.0.92/webapps/ROOT
Feb 24, 2019 1:55:36 AM org.apache.catalina.startup.HostConfig deployDirectory
INFO: Deployment of web application directory /home/ubuntu/distross/apache-tomcat-7.0.92/webapps/ROOT has finished in 62 ms
Feb 24, 2019 1:55:36 AM org.apache.coyote.AbstractProtocol start
INFO: Starting ProtocolHandler ["http-bio-8080"]
Feb 24, 2019 1:55:36 AM org.apache.coyote.AbstractProtocol start
INFO: Starting ProtocolHandler ["ajp-bio-8009"]
Feb 24, 2019 1:55:36 AM org.apache.catalina.startup.Catalina start
INFO: Server startup in 1714 ms
Feb 24, 2019 2:10:14 AM org.apache.coyote.AbstractProtocol pause
INFO: Pausing ProtocolHandler ["http-bio-8080"]
Feb 24, 2019 2:10:14 AM org.apache.coyote.AbstractProtocol pause
INFO: Pausing ProtocolHandler ["ajp-bio-8009"]
Feb 24, 2019 2:10:14 AM org.apache.catalina.core.StandardService stopInternal
INFO: Stopping service Catalina
Feb 24, 2019 2:10:14 AM org.apache.coyote.AbstractProtocol stop
INFO: Stopping ProtocolHandler ["http-bio-8080"]
Feb 24, 2019 2:10:14 AM org.apache.coyote.AbstractProtocol stop
INFO: Stopping ProtocolHandler ["ajp-bio-8009"]
Feb 24, 2019 2:10:14 AM org.apache.coyote.AbstractProtocol destroy
INFO: Destroying ProtocolHandler ["http-bio-8080"]
Feb 24, 2019 2:10:14 AM org.apache.coyote.AbstractProtocol destroy
INFO: Destroying ProtocolHandler ["ajp-bio-8009"]
