Feb 22, 2019 1:48:17 PM org.apache.catalina.startup.VersionLoggerListener log
INFO: Server version:        Apache Tomcat/7.0.92
Feb 22, 2019 1:48:17 PM org.apache.catalina.startup.VersionLoggerListener log
INFO: Server built:          Nov 9 2018 11:07:44 UTC
Feb 22, 2019 1:48:17 PM org.apache.catalina.startup.VersionLoggerListener log
INFO: Server number:         7.0.92.0
Feb 22, 2019 1:48:17 PM org.apache.catalina.startup.VersionLoggerListener log
INFO: OS Name:               Linux
Feb 22, 2019 1:48:17 PM org.apache.catalina.startup.VersionLoggerListener log
INFO: OS Version:            4.4.0-1075-aws
Feb 22, 2019 1:48:17 PM org.apache.catalina.startup.VersionLoggerListener log
INFO: Architecture:          amd64
Feb 22, 2019 1:48:17 PM org.apache.catalina.startup.VersionLoggerListener log
INFO: Java Home:             /usr/lib/jvm/java-8-openjdk-amd64/jre
Feb 22, 2019 1:48:17 PM org.apache.catalina.startup.VersionLoggerListener log
INFO: JVM Version:           1.8.0_191-8u191-b12-2ubuntu0.16.04.1-b12
Feb 22, 2019 1:48:17 PM org.apache.catalina.startup.VersionLoggerListener log
INFO: JVM Vendor:            Oracle Corporation
Feb 22, 2019 1:48:17 PM org.apache.catalina.startup.VersionLoggerListener log
INFO: CATALINA_BASE:         /home/ubuntu/apache-tomcat-7.0.92
Feb 22, 2019 1:48:17 PM org.apache.catalina.startup.VersionLoggerListener log
INFO: CATALINA_HOME:         /home/ubuntu/apache-tomcat-7.0.92
Feb 22, 2019 1:48:17 PM org.apache.catalina.startup.VersionLoggerListener log
INFO: Command line argument: -Djava.util.logging.config.file=/home/ubuntu/apache-tomcat-7.0.92/conf/logging.properties
Feb 22, 2019 1:48:17 PM org.apache.catalina.startup.VersionLoggerListener log
INFO: Command line argument: -Djava.util.logging.manager=org.apache.juli.ClassLoaderLogManager
Feb 22, 2019 1:48:17 PM org.apache.catalina.startup.VersionLoggerListener log
INFO: Command line argument: -Djdk.tls.ephemeralDHKeySize=2048
Feb 22, 2019 1:48:17 PM org.apache.catalina.startup.VersionLoggerListener log
INFO: Command line argument: -Dignore.endorsed.dirs=
Feb 22, 2019 1:48:17 PM org.apache.catalina.startup.VersionLoggerListener log
INFO: Command line argument: -Dcatalina.base=/home/ubuntu/apache-tomcat-7.0.92
Feb 22, 2019 1:48:17 PM org.apache.catalina.startup.VersionLoggerListener log
INFO: Command line argument: -Dcatalina.home=/home/ubuntu/apache-tomcat-7.0.92
Feb 22, 2019 1:48:17 PM org.apache.catalina.startup.VersionLoggerListener log
INFO: Command line argument: -Djava.io.tmpdir=/home/ubuntu/apache-tomcat-7.0.92/temp
Feb 22, 2019 1:48:17 PM org.apache.catalina.core.AprLifecycleListener lifecycleEvent
INFO: The APR based Apache Tomcat Native library which allows optimal performance in production environments was not found on the java.library.path: /usr/java/packages/lib/amd64:/usr/lib/x86_64-linux-gnu/jni:/lib/x86_64-linux-gnu:/usr/lib/x86_64-linux-gnu:/usr/lib/jni:/lib:/usr/lib
Feb 22, 2019 1:48:17 PM org.apache.coyote.AbstractProtocol init
INFO: Initializing ProtocolHandler ["http-bio-8080"]
Feb 22, 2019 1:48:17 PM org.apache.coyote.AbstractProtocol init
INFO: Initializing ProtocolHandler ["ajp-bio-8009"]
Feb 22, 2019 1:48:17 PM org.apache.catalina.startup.Catalina load
INFO: Initialization processed in 1057 ms
Feb 22, 2019 1:48:17 PM org.apache.catalina.core.StandardService startInternal
INFO: Starting service Catalina
Feb 22, 2019 1:48:17 PM org.apache.catalina.core.StandardEngine startInternal
INFO: Starting Servlet Engine: Apache Tomcat/7.0.92
Feb 22, 2019 1:48:17 PM org.apache.catalina.startup.HostConfig deployDirectory
INFO: Deploying web application directory /home/ubuntu/apache-tomcat-7.0.92/webapps/manager
Feb 22, 2019 1:48:18 PM org.apache.catalina.startup.HostConfig deployDirectory
INFO: Deployment of web application directory /home/ubuntu/apache-tomcat-7.0.92/webapps/manager has finished in 716 ms
Feb 22, 2019 1:48:18 PM org.apache.catalina.startup.HostConfig deployDirectory
INFO: Deploying web application directory /home/ubuntu/apache-tomcat-7.0.92/webapps/docs
Feb 22, 2019 1:48:18 PM org.apache.catalina.startup.HostConfig deployDirectory
INFO: Deployment of web application directory /home/ubuntu/apache-tomcat-7.0.92/webapps/docs has finished in 95 ms
Feb 22, 2019 1:48:18 PM org.apache.catalina.startup.HostConfig deployDirectory
INFO: Deploying web application directory /home/ubuntu/apache-tomcat-7.0.92/webapps/examples
Feb 22, 2019 1:48:18 PM org.apache.catalina.startup.HostConfig deployDirectory
INFO: Deployment of web application directory /home/ubuntu/apache-tomcat-7.0.92/webapps/examples has finished in 360 ms
Feb 22, 2019 1:48:18 PM org.apache.catalina.startup.HostConfig deployDirectory
INFO: Deploying web application directory /home/ubuntu/apache-tomcat-7.0.92/webapps/host-manager
Feb 22, 2019 1:48:18 PM org.apache.catalina.startup.HostConfig deployDirectory
INFO: Deployment of web application directory /home/ubuntu/apache-tomcat-7.0.92/webapps/host-manager has finished in 81 ms
Feb 22, 2019 1:48:18 PM org.apache.catalina.startup.HostConfig deployDirectory
INFO: Deploying web application directory /home/ubuntu/apache-tomcat-7.0.92/webapps/ROOT
Feb 22, 2019 1:48:18 PM org.apache.catalina.startup.HostConfig deployDirectory
INFO: Deployment of web application directory /home/ubuntu/apache-tomcat-7.0.92/webapps/ROOT has finished in 62 ms
Feb 22, 2019 1:48:18 PM org.apache.coyote.AbstractProtocol start
INFO: Starting ProtocolHandler ["http-bio-8080"]
Feb 22, 2019 1:48:18 PM org.apache.coyote.AbstractProtocol start
INFO: Starting ProtocolHandler ["ajp-bio-8009"]
Feb 22, 2019 1:48:18 PM org.apache.catalina.startup.Catalina start
INFO: Server startup in 1455 ms
Feb 22, 2019 1:59:07 PM org.apache.coyote.AbstractProtocol pause
INFO: Pausing ProtocolHandler ["http-bio-8080"]
Feb 22, 2019 1:59:07 PM org.apache.coyote.AbstractProtocol pause
INFO: Pausing ProtocolHandler ["ajp-bio-8009"]
Feb 22, 2019 1:59:07 PM org.apache.catalina.core.StandardService stopInternal
INFO: Stopping service Catalina
Feb 22, 2019 1:59:07 PM org.apache.coyote.AbstractProtocol stop
INFO: Stopping ProtocolHandler ["http-bio-8080"]
Feb 22, 2019 1:59:07 PM org.apache.coyote.AbstractProtocol stop
INFO: Stopping ProtocolHandler ["ajp-bio-8009"]
Feb 22, 2019 1:59:07 PM org.apache.coyote.AbstractProtocol destroy
INFO: Destroying ProtocolHandler ["http-bio-8080"]
Feb 22, 2019 1:59:07 PM org.apache.coyote.AbstractProtocol destroy
INFO: Destroying ProtocolHandler ["ajp-bio-8009"]
Feb 22, 2019 2:32:42 PM org.apache.catalina.startup.VersionLoggerListener log
INFO: Server version:        Apache Tomcat/7.0.92
Feb 22, 2019 2:32:42 PM org.apache.catalina.startup.VersionLoggerListener log
INFO: Server built:          Nov 9 2018 11:07:44 UTC
Feb 22, 2019 2:32:42 PM org.apache.catalina.startup.VersionLoggerListener log
INFO: Server number:         7.0.92.0
Feb 22, 2019 2:32:42 PM org.apache.catalina.startup.VersionLoggerListener log
INFO: OS Name:               Linux
Feb 22, 2019 2:32:42 PM org.apache.catalina.startup.VersionLoggerListener log
INFO: OS Version:            4.4.0-1075-aws
Feb 22, 2019 2:32:42 PM org.apache.catalina.startup.VersionLoggerListener log
INFO: Architecture:          amd64
Feb 22, 2019 2:32:42 PM org.apache.catalina.startup.VersionLoggerListener log
INFO: Java Home:             /usr/lib/jvm/java-8-openjdk-amd64/jre
Feb 22, 2019 2:32:42 PM org.apache.catalina.startup.VersionLoggerListener log
INFO: JVM Version:           1.8.0_191-8u191-b12-2ubuntu0.16.04.1-b12
Feb 22, 2019 2:32:42 PM org.apache.catalina.startup.VersionLoggerListener log
INFO: JVM Vendor:            Oracle Corporation
Feb 22, 2019 2:32:42 PM org.apache.catalina.startup.VersionLoggerListener log
INFO: CATALINA_BASE:         /home/ubuntu/distross/apache-tomcat-7.0.92
Feb 22, 2019 2:32:42 PM org.apache.catalina.startup.VersionLoggerListener log
INFO: CATALINA_HOME:         /home/ubuntu/distross/apache-tomcat-7.0.92
Feb 22, 2019 2:32:42 PM org.apache.catalina.startup.VersionLoggerListener log
INFO: Command line argument: -Djava.util.logging.config.file=/home/ubuntu/distross/apache-tomcat-7.0.92/conf/logging.properties
Feb 22, 2019 2:32:42 PM org.apache.catalina.startup.VersionLoggerListener log
INFO: Command line argument: -Djava.util.logging.manager=org.apache.juli.ClassLoaderLogManager
Feb 22, 2019 2:32:42 PM org.apache.catalina.startup.VersionLoggerListener log
INFO: Command line argument: -Djdk.tls.ephemeralDHKeySize=2048
Feb 22, 2019 2:32:42 PM org.apache.catalina.startup.VersionLoggerListener log
INFO: Command line argument: -Dignore.endorsed.dirs=
Feb 22, 2019 2:32:42 PM org.apache.catalina.startup.VersionLoggerListener log
INFO: Command line argument: -Dcatalina.base=/home/ubuntu/distross/apache-tomcat-7.0.92
Feb 22, 2019 2:32:42 PM org.apache.catalina.startup.VersionLoggerListener log
INFO: Command line argument: -Dcatalina.home=/home/ubuntu/distross/apache-tomcat-7.0.92
Feb 22, 2019 2:32:42 PM org.apache.catalina.startup.VersionLoggerListener log
INFO: Command line argument: -Djava.io.tmpdir=/home/ubuntu/distross/apache-tomcat-7.0.92/temp
Feb 22, 2019 2:32:42 PM org.apache.catalina.core.AprLifecycleListener lifecycleEvent
INFO: The APR based Apache Tomcat Native library which allows optimal performance in production environments was not found on the java.library.path: /usr/java/packages/lib/amd64:/usr/lib/x86_64-linux-gnu/jni:/lib/x86_64-linux-gnu:/usr/lib/x86_64-linux-gnu:/usr/lib/jni:/lib:/usr/lib
Feb 22, 2019 2:32:42 PM org.apache.coyote.AbstractProtocol init
INFO: Initializing ProtocolHandler ["http-bio-8080"]
Feb 22, 2019 2:32:42 PM org.apache.coyote.AbstractProtocol init
INFO: Initializing ProtocolHandler ["ajp-bio-8009"]
Feb 22, 2019 2:32:42 PM org.apache.catalina.startup.Catalina load
INFO: Initialization processed in 1225 ms
Feb 22, 2019 2:32:42 PM org.apache.catalina.core.StandardService startInternal
INFO: Starting service Catalina
Feb 22, 2019 2:32:42 PM org.apache.catalina.core.StandardEngine startInternal
INFO: Starting Servlet Engine: Apache Tomcat/7.0.92
Feb 22, 2019 2:32:42 PM org.apache.catalina.startup.HostConfig deployWAR
INFO: Deploying web application archive /home/ubuntu/distross/apache-tomcat-7.0.92/webapps/flipkart.war
Feb 22, 2019 2:32:43 PM org.apache.catalina.startup.HostConfig deployWAR
INFO: Deployment of web application archive /home/ubuntu/distross/apache-tomcat-7.0.92/webapps/flipkart.war has finished in 740 ms
Feb 22, 2019 2:32:43 PM org.apache.catalina.startup.HostConfig deployDirectory
INFO: Deploying web application directory /home/ubuntu/distross/apache-tomcat-7.0.92/webapps/manager
Feb 22, 2019 2:32:43 PM org.apache.catalina.startup.HostConfig deployDirectory
INFO: Deployment of web application directory /home/ubuntu/distross/apache-tomcat-7.0.92/webapps/manager has finished in 135 ms
Feb 22, 2019 2:32:43 PM org.apache.catalina.startup.HostConfig deployDirectory
INFO: Deploying web application directory /home/ubuntu/distross/apache-tomcat-7.0.92/webapps/docs
Feb 22, 2019 2:32:43 PM org.apache.catalina.startup.HostConfig deployDirectory
INFO: Deployment of web application directory /home/ubuntu/distross/apache-tomcat-7.0.92/webapps/docs has finished in 87 ms
Feb 22, 2019 2:32:43 PM org.apache.catalina.startup.HostConfig deployDirectory
INFO: Deploying web application directory /home/ubuntu/distross/apache-tomcat-7.0.92/webapps/examples
Feb 22, 2019 2:32:44 PM org.apache.catalina.startup.HostConfig deployDirectory
INFO: Deployment of web application directory /home/ubuntu/distross/apache-tomcat-7.0.92/webapps/examples has finished in 395 ms
Feb 22, 2019 2:32:44 PM org.apache.catalina.startup.HostConfig deployDirectory
INFO: Deploying web application directory /home/ubuntu/distross/apache-tomcat-7.0.92/webapps/host-manager
Feb 22, 2019 2:32:44 PM org.apache.catalina.startup.HostConfig deployDirectory
INFO: Deployment of web application directory /home/ubuntu/distross/apache-tomcat-7.0.92/webapps/host-manager has finished in 76 ms
Feb 22, 2019 2:32:44 PM org.apache.catalina.startup.HostConfig deployDirectory
INFO: Deploying web application directory /home/ubuntu/distross/apache-tomcat-7.0.92/webapps/ROOT
Feb 22, 2019 2:32:44 PM org.apache.catalina.startup.HostConfig deployDirectory
INFO: Deployment of web application directory /home/ubuntu/distross/apache-tomcat-7.0.92/webapps/ROOT has finished in 59 ms
Feb 22, 2019 2:32:44 PM org.apache.coyote.AbstractProtocol start
INFO: Starting ProtocolHandler ["http-bio-8080"]
Feb 22, 2019 2:32:44 PM org.apache.coyote.AbstractProtocol start
INFO: Starting ProtocolHandler ["ajp-bio-8009"]
Feb 22, 2019 2:32:44 PM org.apache.catalina.startup.Catalina start
INFO: Server startup in 1661 ms
Feb 22, 2019 2:47:39 PM org.apache.catalina.startup.VersionLoggerListener log
INFO: Server version:        Apache Tomcat/7.0.92
Feb 22, 2019 2:47:39 PM org.apache.catalina.startup.VersionLoggerListener log
INFO: Server built:          Nov 9 2018 11:07:44 UTC
Feb 22, 2019 2:47:39 PM org.apache.catalina.startup.VersionLoggerListener log
INFO: Server number:         7.0.92.0
Feb 22, 2019 2:47:39 PM org.apache.catalina.startup.VersionLoggerListener log
INFO: OS Name:               Linux
Feb 22, 2019 2:47:39 PM org.apache.catalina.startup.VersionLoggerListener log
INFO: OS Version:            4.4.0-1075-aws
Feb 22, 2019 2:47:39 PM org.apache.catalina.startup.VersionLoggerListener log
INFO: Architecture:          amd64
Feb 22, 2019 2:47:39 PM org.apache.catalina.startup.VersionLoggerListener log
INFO: Java Home:             /usr/lib/jvm/java-8-openjdk-amd64/jre
Feb 22, 2019 2:47:39 PM org.apache.catalina.startup.VersionLoggerListener log
INFO: JVM Version:           1.8.0_191-8u191-b12-2ubuntu0.16.04.1-b12
Feb 22, 2019 2:47:39 PM org.apache.catalina.startup.VersionLoggerListener log
INFO: JVM Vendor:            Oracle Corporation
Feb 22, 2019 2:47:39 PM org.apache.catalina.startup.VersionLoggerListener log
INFO: CATALINA_BASE:         /home/ubuntu/distross/apache-tomcat-7.0.92
Feb 22, 2019 2:47:39 PM org.apache.catalina.startup.VersionLoggerListener log
INFO: CATALINA_HOME:         /home/ubuntu/distross/apache-tomcat-7.0.92
Feb 22, 2019 2:47:39 PM org.apache.catalina.startup.VersionLoggerListener log
INFO: Command line argument: -Djava.util.logging.config.file=/home/ubuntu/distross/apache-tomcat-7.0.92/conf/logging.properties
Feb 22, 2019 2:47:39 PM org.apache.catalina.startup.VersionLoggerListener log
INFO: Command line argument: -Djava.util.logging.manager=org.apache.juli.ClassLoaderLogManager
Feb 22, 2019 2:47:39 PM org.apache.catalina.startup.VersionLoggerListener log
INFO: Command line argument: -Djdk.tls.ephemeralDHKeySize=2048
Feb 22, 2019 2:47:39 PM org.apache.catalina.startup.VersionLoggerListener log
INFO: Command line argument: -Dignore.endorsed.dirs=
Feb 22, 2019 2:47:39 PM org.apache.catalina.startup.VersionLoggerListener log
INFO: Command line argument: -Dcatalina.base=/home/ubuntu/distross/apache-tomcat-7.0.92
Feb 22, 2019 2:47:39 PM org.apache.catalina.startup.VersionLoggerListener log
INFO: Command line argument: -Dcatalina.home=/home/ubuntu/distross/apache-tomcat-7.0.92
Feb 22, 2019 2:47:39 PM org.apache.catalina.startup.VersionLoggerListener log
INFO: Command line argument: -Djava.io.tmpdir=/home/ubuntu/distross/apache-tomcat-7.0.92/temp
Feb 22, 2019 2:47:39 PM org.apache.catalina.core.AprLifecycleListener lifecycleEvent
INFO: The APR based Apache Tomcat Native library which allows optimal performance in production environments was not found on the java.library.path: /usr/java/packages/lib/amd64:/usr/lib/x86_64-linux-gnu/jni:/lib/x86_64-linux-gnu:/usr/lib/x86_64-linux-gnu:/usr/lib/jni:/lib:/usr/lib
Feb 22, 2019 2:47:39 PM org.apache.coyote.AbstractProtocol init
INFO: Initializing ProtocolHandler ["http-bio-8080"]
Feb 22, 2019 2:47:39 PM org.apache.coyote.AbstractProtocol init
SEVERE: Failed to initialize end point associated with ProtocolHandler ["http-bio-8080"]
java.net.BindException: Address already in use (Bind failed) <null>:8080
	at org.apache.tomcat.util.net.JIoEndpoint.bind(JIoEndpoint.java:413)
	at org.apache.tomcat.util.net.AbstractEndpoint.init(AbstractEndpoint.java:728)
	at org.apache.coyote.AbstractProtocol.init(AbstractProtocol.java:452)
	at org.apache.coyote.http11.AbstractHttp11JsseProtocol.init(AbstractHttp11JsseProtocol.java:119)
	at org.apache.catalina.connector.Connector.initInternal(Connector.java:978)
	at org.apache.catalina.util.LifecycleBase.init(LifecycleBase.java:102)
	at org.apache.catalina.core.StandardService.initInternal(StandardService.java:560)
	at org.apache.catalina.util.LifecycleBase.init(LifecycleBase.java:102)
	at org.apache.catalina.core.StandardServer.initInternal(StandardServer.java:840)
	at org.apache.catalina.util.LifecycleBase.init(LifecycleBase.java:102)
	at org.apache.catalina.startup.Catalina.load(Catalina.java:659)
	at org.apache.catalina.startup.Catalina.load(Catalina.java:684)
	at sun.reflect.NativeMethodAccessorImpl.invoke0(Native Method)
	at sun.reflect.NativeMethodAccessorImpl.invoke(NativeMethodAccessorImpl.java:62)
	at sun.reflect.DelegatingMethodAccessorImpl.invoke(DelegatingMethodAccessorImpl.java:43)
	at java.lang.reflect.Method.invoke(Method.java:498)
	at org.apache.catalina.startup.Bootstrap.load(Bootstrap.java:253)
	at org.apache.catalina.startup.Bootstrap.main(Bootstrap.java:427)
Caused by: java.net.BindException: Address already in use (Bind failed)
	at java.net.PlainSocketImpl.socketBind(Native Method)
	at java.net.AbstractPlainSocketImpl.bind(AbstractPlainSocketImpl.java:387)
	at java.net.ServerSocket.bind(ServerSocket.java:375)
	at java.net.ServerSocket.<init>(ServerSocket.java:237)
	at java.net.ServerSocket.<init>(ServerSocket.java:181)
	at org.apache.tomcat.util.net.DefaultServerSocketFactory.createSocket(DefaultServerSocketFactory.java:49)
	at org.apache.tomcat.util.net.JIoEndpoint.bind(JIoEndpoint.java:400)
	... 17 more

Feb 22, 2019 2:47:39 PM org.apache.catalina.core.StandardService initInternal
SEVERE: Failed to initialize connector [Connector[HTTP/1.1-8080]]
org.apache.catalina.LifecycleException: Failed to initialize component [Connector[HTTP/1.1-8080]]
	at org.apache.catalina.util.LifecycleBase.init(LifecycleBase.java:107)
	at org.apache.catalina.core.StandardService.initInternal(StandardService.java:560)
	at org.apache.catalina.util.LifecycleBase.init(LifecycleBase.java:102)
	at org.apache.catalina.core.StandardServer.initInternal(StandardServer.java:840)
	at org.apache.catalina.util.LifecycleBase.init(LifecycleBase.java:102)
	at org.apache.catalina.startup.Catalina.load(Catalina.java:659)
	at org.apache.catalina.startup.Catalina.load(Catalina.java:684)
	at sun.reflect.NativeMethodAccessorImpl.invoke0(Native Method)
	at sun.reflect.NativeMethodAccessorImpl.invoke(NativeMethodAccessorImpl.java:62)
	at sun.reflect.DelegatingMethodAccessorImpl.invoke(DelegatingMethodAccessorImpl.java:43)
	at java.lang.reflect.Method.invoke(Method.java:498)
	at org.apache.catalina.startup.Bootstrap.load(Bootstrap.java:253)
	at org.apache.catalina.startup.Bootstrap.main(Bootstrap.java:427)
Caused by: org.apache.catalina.LifecycleException: Protocol handler initialization failed
	at org.apache.catalina.connector.Connector.initInternal(Connector.java:980)
	at org.apache.catalina.util.LifecycleBase.init(LifecycleBase.java:102)
	... 12 more
Caused by: java.net.BindException: Address already in use (Bind failed) <null>:8080
	at org.apache.tomcat.util.net.JIoEndpoint.bind(JIoEndpoint.java:413)
	at org.apache.tomcat.util.net.AbstractEndpoint.init(AbstractEndpoint.java:728)
	at org.apache.coyote.AbstractProtocol.init(AbstractProtocol.java:452)
	at org.apache.coyote.http11.AbstractHttp11JsseProtocol.init(AbstractHttp11JsseProtocol.java:119)
	at org.apache.catalina.connector.Connector.initInternal(Connector.java:978)
	... 13 more
Caused by: java.net.BindException: Address already in use (Bind failed)
	at java.net.PlainSocketImpl.socketBind(Native Method)
	at java.net.AbstractPlainSocketImpl.bind(AbstractPlainSocketImpl.java:387)
	at java.net.ServerSocket.bind(ServerSocket.java:375)
	at java.net.ServerSocket.<init>(ServerSocket.java:237)
	at java.net.ServerSocket.<init>(ServerSocket.java:181)
	at org.apache.tomcat.util.net.DefaultServerSocketFactory.createSocket(DefaultServerSocketFactory.java:49)
	at org.apache.tomcat.util.net.JIoEndpoint.bind(JIoEndpoint.java:400)
	... 17 more

Feb 22, 2019 2:47:39 PM org.apache.coyote.AbstractProtocol init
INFO: Initializing ProtocolHandler ["ajp-bio-8009"]
Feb 22, 2019 2:47:39 PM org.apache.coyote.AbstractProtocol init
SEVERE: Failed to initialize end point associated with ProtocolHandler ["ajp-bio-8009"]
java.net.BindException: Address already in use (Bind failed) <null>:8009
	at org.apache.tomcat.util.net.JIoEndpoint.bind(JIoEndpoint.java:413)
	at org.apache.tomcat.util.net.AbstractEndpoint.init(AbstractEndpoint.java:728)
	at org.apache.coyote.AbstractProtocol.init(AbstractProtocol.java:452)
	at org.apache.catalina.connector.Connector.initInternal(Connector.java:978)
	at org.apache.catalina.util.LifecycleBase.init(LifecycleBase.java:102)
	at org.apache.catalina.core.StandardService.initInternal(StandardService.java:560)
	at org.apache.catalina.util.LifecycleBase.init(LifecycleBase.java:102)
	at org.apache.catalina.core.StandardServer.initInternal(StandardServer.java:840)
	at org.apache.catalina.util.LifecycleBase.init(LifecycleBase.java:102)
	at org.apache.catalina.startup.Catalina.load(Catalina.java:659)
	at org.apache.catalina.startup.Catalina.load(Catalina.java:684)
	at sun.reflect.NativeMethodAccessorImpl.invoke0(Native Method)
	at sun.reflect.NativeMethodAccessorImpl.invoke(NativeMethodAccessorImpl.java:62)
	at sun.reflect.DelegatingMethodAccessorImpl.invoke(DelegatingMethodAccessorImpl.java:43)
	at java.lang.reflect.Method.invoke(Method.java:498)
	at org.apache.catalina.startup.Bootstrap.load(Bootstrap.java:253)
	at org.apache.catalina.startup.Bootstrap.main(Bootstrap.java:427)
Caused by: java.net.BindException: Address already in use (Bind failed)
	at java.net.PlainSocketImpl.socketBind(Native Method)
	at java.net.AbstractPlainSocketImpl.bind(AbstractPlainSocketImpl.java:387)
	at java.net.ServerSocket.bind(ServerSocket.java:375)
	at java.net.ServerSocket.<init>(ServerSocket.java:237)
	at java.net.ServerSocket.<init>(ServerSocket.java:181)
	at org.apache.tomcat.util.net.DefaultServerSocketFactory.createSocket(DefaultServerSocketFactory.java:49)
	at org.apache.tomcat.util.net.JIoEndpoint.bind(JIoEndpoint.java:400)
	... 16 more

Feb 22, 2019 2:47:39 PM org.apache.catalina.core.StandardService initInternal
SEVERE: Failed to initialize connector [Connector[AJP/1.3-8009]]
org.apache.catalina.LifecycleException: Failed to initialize component [Connector[AJP/1.3-8009]]
	at org.apache.catalina.util.LifecycleBase.init(LifecycleBase.java:107)
	at org.apache.catalina.core.StandardService.initInternal(StandardService.java:560)
	at org.apache.catalina.util.LifecycleBase.init(LifecycleBase.java:102)
	at org.apache.catalina.core.StandardServer.initInternal(StandardServer.java:840)
	at org.apache.catalina.util.LifecycleBase.init(LifecycleBase.java:102)
	at org.apache.catalina.startup.Catalina.load(Catalina.java:659)
	at org.apache.catalina.startup.Catalina.load(Catalina.java:684)
	at sun.reflect.NativeMethodAccessorImpl.invoke0(Native Method)
	at sun.reflect.NativeMethodAccessorImpl.invoke(NativeMethodAccessorImpl.java:62)
	at sun.reflect.DelegatingMethodAccessorImpl.invoke(DelegatingMethodAccessorImpl.java:43)
	at java.lang.reflect.Method.invoke(Method.java:498)
	at org.apache.catalina.startup.Bootstrap.load(Bootstrap.java:253)
	at org.apache.catalina.startup.Bootstrap.main(Bootstrap.java:427)
Caused by: org.apache.catalina.LifecycleException: Protocol handler initialization failed
	at org.apache.catalina.connector.Connector.initInternal(Connector.java:980)
	at org.apache.catalina.util.LifecycleBase.init(LifecycleBase.java:102)
	... 12 more
Caused by: java.net.BindException: Address already in use (Bind failed) <null>:8009
	at org.apache.tomcat.util.net.JIoEndpoint.bind(JIoEndpoint.java:413)
	at org.apache.tomcat.util.net.AbstractEndpoint.init(AbstractEndpoint.java:728)
	at org.apache.coyote.AbstractProtocol.init(AbstractProtocol.java:452)
	at org.apache.catalina.connector.Connector.initInternal(Connector.java:978)
	... 13 more
Caused by: java.net.BindException: Address already in use (Bind failed)
	at java.net.PlainSocketImpl.socketBind(Native Method)
	at java.net.AbstractPlainSocketImpl.bind(AbstractPlainSocketImpl.java:387)
	at java.net.ServerSocket.bind(ServerSocket.java:375)
	at java.net.ServerSocket.<init>(ServerSocket.java:237)
	at java.net.ServerSocket.<init>(ServerSocket.java:181)
	at org.apache.tomcat.util.net.DefaultServerSocketFactory.createSocket(DefaultServerSocketFactory.java:49)
	at org.apache.tomcat.util.net.JIoEndpoint.bind(JIoEndpoint.java:400)
	... 16 more

Feb 22, 2019 2:47:39 PM org.apache.catalina.startup.Catalina load
INFO: Initialization processed in 1009 ms
Feb 22, 2019 2:47:39 PM org.apache.catalina.core.StandardService startInternal
INFO: Starting service Catalina
Feb 22, 2019 2:47:39 PM org.apache.catalina.core.StandardEngine startInternal
INFO: Starting Servlet Engine: Apache Tomcat/7.0.92
Feb 22, 2019 2:47:39 PM org.apache.catalina.startup.HostConfig deployWAR
INFO: Deploying web application archive /home/ubuntu/distross/apache-tomcat-7.0.92/webapps/flipkart.war
Feb 22, 2019 2:48:14 PM org.apache.catalina.util.SessionIdGeneratorBase createSecureRandom
WARNING: Creation of SecureRandom instance for session ID generation using [SHA1PRNG] took [33,885] milliseconds.
Feb 22, 2019 2:48:14 PM org.apache.catalina.startup.HostConfig deployWAR
INFO: Deployment of web application archive /home/ubuntu/distross/apache-tomcat-7.0.92/webapps/flipkart.war has finished in 34,553 ms
Feb 22, 2019 2:48:14 PM org.apache.catalina.startup.HostConfig deployDirectory
INFO: Deploying web application directory /home/ubuntu/distross/apache-tomcat-7.0.92/webapps/manager
Feb 22, 2019 2:48:14 PM org.apache.catalina.startup.HostConfig deployDirectory
INFO: Deployment of web application directory /home/ubuntu/distross/apache-tomcat-7.0.92/webapps/manager has finished in 155 ms
Feb 22, 2019 2:48:14 PM org.apache.catalina.startup.HostConfig deployDirectory
INFO: Deploying web application directory /home/ubuntu/distross/apache-tomcat-7.0.92/webapps/docs
Feb 22, 2019 2:48:14 PM org.apache.catalina.startup.HostConfig deployDirectory
INFO: Deployment of web application directory /home/ubuntu/distross/apache-tomcat-7.0.92/webapps/docs has finished in 99 ms
Feb 22, 2019 2:48:14 PM org.apache.catalina.startup.HostConfig deployDirectory
INFO: Deploying web application directory /home/ubuntu/distross/apache-tomcat-7.0.92/webapps/examples
Feb 22, 2019 2:48:14 PM org.apache.catalina.startup.HostConfig deployDirectory
INFO: Deployment of web application directory /home/ubuntu/distross/apache-tomcat-7.0.92/webapps/examples has finished in 362 ms
Feb 22, 2019 2:48:14 PM org.apache.catalina.startup.HostConfig deployDirectory
INFO: Deploying web application directory /home/ubuntu/distross/apache-tomcat-7.0.92/webapps/host-manager
Feb 22, 2019 2:48:14 PM org.apache.catalina.startup.HostConfig deployDirectory
INFO: Deployment of web application directory /home/ubuntu/distross/apache-tomcat-7.0.92/webapps/host-manager has finished in 71 ms
Feb 22, 2019 2:48:14 PM org.apache.catalina.startup.HostConfig deployDirectory
INFO: Deploying web application directory /home/ubuntu/distross/apache-tomcat-7.0.92/webapps/ROOT
Feb 22, 2019 2:48:15 PM org.apache.catalina.startup.HostConfig deployDirectory
INFO: Deployment of web application directory /home/ubuntu/distross/apache-tomcat-7.0.92/webapps/ROOT has finished in 56 ms
Feb 22, 2019 2:48:15 PM org.apache.catalina.startup.Catalina start
INFO: Server startup in 35413 ms
Feb 22, 2019 2:48:15 PM org.apache.catalina.core.StandardServer await
SEVERE: StandardServer.await: create[localhost:8005]: 
java.net.BindException: Address already in use (Bind failed)
	at java.net.PlainSocketImpl.socketBind(Native Method)
	at java.net.AbstractPlainSocketImpl.bind(AbstractPlainSocketImpl.java:387)
	at java.net.ServerSocket.bind(ServerSocket.java:375)
	at java.net.ServerSocket.<init>(ServerSocket.java:237)
	at org.apache.catalina.core.StandardServer.await(StandardServer.java:444)
	at org.apache.catalina.startup.Catalina.await(Catalina.java:798)
	at org.apache.catalina.startup.Catalina.start(Catalina.java:744)
	at sun.reflect.NativeMethodAccessorImpl.invoke0(Native Method)
	at sun.reflect.NativeMethodAccessorImpl.invoke(NativeMethodAccessorImpl.java:62)
	at sun.reflect.DelegatingMethodAccessorImpl.invoke(DelegatingMethodAccessorImpl.java:43)
	at java.lang.reflect.Method.invoke(Method.java:498)
	at org.apache.catalina.startup.Bootstrap.start(Bootstrap.java:294)
	at org.apache.catalina.startup.Bootstrap.main(Bootstrap.java:428)

Feb 22, 2019 2:48:15 PM org.apache.coyote.AbstractProtocol pause
INFO: Pausing ProtocolHandler ["http-bio-8080"]
Feb 22, 2019 2:48:15 PM org.apache.coyote.AbstractProtocol pause
INFO: Pausing ProtocolHandler ["ajp-bio-8009"]
Feb 22, 2019 2:48:15 PM org.apache.catalina.core.StandardService stopInternal
INFO: Stopping service Catalina
Feb 22, 2019 2:48:15 PM org.apache.coyote.AbstractProtocol stop
INFO: Stopping ProtocolHandler ["http-bio-8080"]
Feb 22, 2019 2:48:15 PM org.apache.coyote.AbstractProtocol destroy
INFO: Destroying ProtocolHandler ["http-bio-8080"]
Feb 22, 2019 2:48:15 PM org.apache.coyote.AbstractProtocol stop
INFO: Stopping ProtocolHandler ["ajp-bio-8009"]
Feb 22, 2019 2:48:15 PM org.apache.coyote.AbstractProtocol destroy
INFO: Destroying ProtocolHandler ["ajp-bio-8009"]
Feb 22, 2019 2:48:30 PM org.apache.catalina.core.StandardServer await
INFO: A valid shutdown command was received via the shutdown port. Stopping the Server instance.
Feb 22, 2019 2:48:30 PM org.apache.coyote.AbstractProtocol pause
INFO: Pausing ProtocolHandler ["http-bio-8080"]
Feb 22, 2019 2:48:30 PM org.apache.coyote.AbstractProtocol pause
INFO: Pausing ProtocolHandler ["ajp-bio-8009"]
Feb 22, 2019 2:48:30 PM org.apache.catalina.core.StandardService stopInternal
INFO: Stopping service Catalina
Feb 22, 2019 2:48:30 PM org.apache.coyote.AbstractProtocol stop
INFO: Stopping ProtocolHandler ["http-bio-8080"]
Feb 22, 2019 2:48:30 PM org.apache.coyote.AbstractProtocol stop
INFO: Stopping ProtocolHandler ["ajp-bio-8009"]
Feb 22, 2019 2:48:30 PM org.apache.coyote.AbstractProtocol destroy
INFO: Destroying ProtocolHandler ["http-bio-8080"]
Feb 22, 2019 2:48:30 PM org.apache.coyote.AbstractProtocol destroy
INFO: Destroying ProtocolHandler ["ajp-bio-8009"]
Feb 22, 2019 2:50:17 PM org.apache.catalina.startup.VersionLoggerListener log
INFO: Server version:        Apache Tomcat/7.0.92
Feb 22, 2019 2:50:17 PM org.apache.catalina.startup.VersionLoggerListener log
INFO: Server built:          Nov 9 2018 11:07:44 UTC
Feb 22, 2019 2:50:17 PM org.apache.catalina.startup.VersionLoggerListener log
INFO: Server number:         7.0.92.0
Feb 22, 2019 2:50:17 PM org.apache.catalina.startup.VersionLoggerListener log
INFO: OS Name:               Linux
Feb 22, 2019 2:50:17 PM org.apache.catalina.startup.VersionLoggerListener log
INFO: OS Version:            4.4.0-1075-aws
Feb 22, 2019 2:50:17 PM org.apache.catalina.startup.VersionLoggerListener log
INFO: Architecture:          amd64
Feb 22, 2019 2:50:17 PM org.apache.catalina.startup.VersionLoggerListener log
INFO: Java Home:             /usr/lib/jvm/java-8-openjdk-amd64/jre
Feb 22, 2019 2:50:17 PM org.apache.catalina.startup.VersionLoggerListener log
INFO: JVM Version:           1.8.0_191-8u191-b12-2ubuntu0.16.04.1-b12
Feb 22, 2019 2:50:17 PM org.apache.catalina.startup.VersionLoggerListener log
INFO: JVM Vendor:            Oracle Corporation
Feb 22, 2019 2:50:17 PM org.apache.catalina.startup.VersionLoggerListener log
INFO: CATALINA_BASE:         /home/ubuntu/distross/apache-tomcat-7.0.92
Feb 22, 2019 2:50:17 PM org.apache.catalina.startup.VersionLoggerListener log
INFO: CATALINA_HOME:         /home/ubuntu/distross/apache-tomcat-7.0.92
Feb 22, 2019 2:50:17 PM org.apache.catalina.startup.VersionLoggerListener log
INFO: Command line argument: -Djava.util.logging.config.file=/home/ubuntu/distross/apache-tomcat-7.0.92/conf/logging.properties
Feb 22, 2019 2:50:17 PM org.apache.catalina.startup.VersionLoggerListener log
INFO: Command line argument: -Djava.util.logging.manager=org.apache.juli.ClassLoaderLogManager
Feb 22, 2019 2:50:17 PM org.apache.catalina.startup.VersionLoggerListener log
INFO: Command line argument: -Djdk.tls.ephemeralDHKeySize=2048
Feb 22, 2019 2:50:17 PM org.apache.catalina.startup.VersionLoggerListener log
INFO: Command line argument: -Dignore.endorsed.dirs=
Feb 22, 2019 2:50:17 PM org.apache.catalina.startup.VersionLoggerListener log
INFO: Command line argument: -Dcatalina.base=/home/ubuntu/distross/apache-tomcat-7.0.92
Feb 22, 2019 2:50:17 PM org.apache.catalina.startup.VersionLoggerListener log
INFO: Command line argument: -Dcatalina.home=/home/ubuntu/distross/apache-tomcat-7.0.92
Feb 22, 2019 2:50:17 PM org.apache.catalina.startup.VersionLoggerListener log
INFO: Command line argument: -Djava.io.tmpdir=/home/ubuntu/distross/apache-tomcat-7.0.92/temp
Feb 22, 2019 2:50:17 PM org.apache.catalina.core.AprLifecycleListener lifecycleEvent
INFO: The APR based Apache Tomcat Native library which allows optimal performance in production environments was not found on the java.library.path: /usr/java/packages/lib/amd64:/usr/lib/x86_64-linux-gnu/jni:/lib/x86_64-linux-gnu:/usr/lib/x86_64-linux-gnu:/usr/lib/jni:/lib:/usr/lib
Feb 22, 2019 2:50:17 PM org.apache.coyote.AbstractProtocol init
INFO: Initializing ProtocolHandler ["http-bio-8080"]
Feb 22, 2019 2:50:17 PM org.apache.coyote.AbstractProtocol init
INFO: Initializing ProtocolHandler ["ajp-bio-8009"]
Feb 22, 2019 2:50:17 PM org.apache.catalina.startup.Catalina load
INFO: Initialization processed in 976 ms
Feb 22, 2019 2:50:17 PM org.apache.catalina.core.StandardService startInternal
INFO: Starting service Catalina
Feb 22, 2019 2:50:17 PM org.apache.catalina.core.StandardEngine startInternal
INFO: Starting Servlet Engine: Apache Tomcat/7.0.92
Feb 22, 2019 2:50:17 PM org.apache.catalina.startup.HostConfig deployWAR
INFO: Deploying web application archive /home/ubuntu/distross/apache-tomcat-7.0.92/webapps/flipkart.war
Feb 22, 2019 2:50:49 PM org.apache.catalina.util.SessionIdGeneratorBase createSecureRandom
WARNING: Creation of SecureRandom instance for session ID generation using [SHA1PRNG] took [30,764] milliseconds.
Feb 22, 2019 2:50:49 PM org.apache.catalina.startup.HostConfig deployWAR
INFO: Deployment of web application archive /home/ubuntu/distross/apache-tomcat-7.0.92/webapps/flipkart.war has finished in 31,404 ms
Feb 22, 2019 2:50:49 PM org.apache.catalina.startup.HostConfig deployDirectory
INFO: Deploying web application directory /home/ubuntu/distross/apache-tomcat-7.0.92/webapps/manager
Feb 22, 2019 2:50:49 PM org.apache.catalina.startup.HostConfig deployDirectory
INFO: Deployment of web application directory /home/ubuntu/distross/apache-tomcat-7.0.92/webapps/manager has finished in 146 ms
Feb 22, 2019 2:50:49 PM org.apache.catalina.startup.HostConfig deployDirectory
INFO: Deploying web application directory /home/ubuntu/distross/apache-tomcat-7.0.92/webapps/docs
Feb 22, 2019 2:50:49 PM org.apache.catalina.startup.HostConfig deployDirectory
INFO: Deployment of web application directory /home/ubuntu/distross/apache-tomcat-7.0.92/webapps/docs has finished in 106 ms
Feb 22, 2019 2:50:49 PM org.apache.catalina.startup.HostConfig deployDirectory
INFO: Deploying web application directory /home/ubuntu/distross/apache-tomcat-7.0.92/webapps/examples
Feb 22, 2019 2:50:49 PM org.apache.catalina.startup.HostConfig deployDirectory
INFO: Deployment of web application directory /home/ubuntu/distross/apache-tomcat-7.0.92/webapps/examples has finished in 410 ms
Feb 22, 2019 2:50:49 PM org.apache.catalina.startup.HostConfig deployDirectory
INFO: Deploying web application directory /home/ubuntu/distross/apache-tomcat-7.0.92/webapps/host-manager
Feb 22, 2019 2:50:49 PM org.apache.catalina.startup.HostConfig deployDirectory
INFO: Deployment of web application directory /home/ubuntu/distross/apache-tomcat-7.0.92/webapps/host-manager has finished in 71 ms
Feb 22, 2019 2:50:49 PM org.apache.catalina.startup.HostConfig deployDirectory
INFO: Deploying web application directory /home/ubuntu/distross/apache-tomcat-7.0.92/webapps/ROOT
Feb 22, 2019 2:50:49 PM org.apache.catalina.startup.HostConfig deployDirectory
INFO: Deployment of web application directory /home/ubuntu/distross/apache-tomcat-7.0.92/webapps/ROOT has finished in 57 ms
Feb 22, 2019 2:50:49 PM org.apache.coyote.AbstractProtocol start
INFO: Starting ProtocolHandler ["http-bio-8080"]
Feb 22, 2019 2:50:49 PM org.apache.coyote.AbstractProtocol start
INFO: Starting ProtocolHandler ["ajp-bio-8009"]
Feb 22, 2019 2:50:49 PM org.apache.catalina.startup.Catalina start
INFO: Server startup in 32337 ms
Feb 22, 2019 2:51:44 PM org.apache.coyote.AbstractProtocol pause
INFO: Pausing ProtocolHandler ["http-bio-8080"]
Feb 22, 2019 2:51:44 PM org.apache.coyote.AbstractProtocol pause
INFO: Pausing ProtocolHandler ["ajp-bio-8009"]
Feb 22, 2019 2:51:44 PM org.apache.catalina.core.StandardService stopInternal
INFO: Stopping service Catalina
Feb 22, 2019 2:51:44 PM org.apache.coyote.AbstractProtocol stop
INFO: Stopping ProtocolHandler ["http-bio-8080"]
Feb 22, 2019 2:51:44 PM org.apache.coyote.AbstractProtocol stop
INFO: Stopping ProtocolHandler ["ajp-bio-8009"]
Feb 22, 2019 2:51:44 PM org.apache.coyote.AbstractProtocol destroy
INFO: Destroying ProtocolHandler ["http-bio-8080"]
Feb 22, 2019 2:51:44 PM org.apache.coyote.AbstractProtocol destroy
INFO: Destroying ProtocolHandler ["ajp-bio-8009"]
Feb 24, 2019 1:55:34 AM org.apache.catalina.startup.VersionLoggerListener log
INFO: Server version:        Apache Tomcat/7.0.92
Feb 24, 2019 1:55:34 AM org.apache.catalina.startup.VersionLoggerListener log
INFO: Server built:          Nov 9 2018 11:07:44 UTC
Feb 24, 2019 1:55:34 AM org.apache.catalina.startup.VersionLoggerListener log
INFO: Server number:         7.0.92.0
Feb 24, 2019 1:55:34 AM org.apache.catalina.startup.VersionLoggerListener log
INFO: OS Name:               Linux
Feb 24, 2019 1:55:34 AM org.apache.catalina.startup.VersionLoggerListener log
INFO: OS Version:            4.4.0-1075-aws
Feb 24, 2019 1:55:34 AM org.apache.catalina.startup.VersionLoggerListener log
INFO: Architecture:          amd64
Feb 24, 2019 1:55:34 AM org.apache.catalina.startup.VersionLoggerListener log
INFO: Java Home:             /usr/lib/jvm/java-8-openjdk-amd64/jre
Feb 24, 2019 1:55:34 AM org.apache.catalina.startup.VersionLoggerListener log
INFO: JVM Version:           1.8.0_191-8u191-b12-2ubuntu0.16.04.1-b12
Feb 24, 2019 1:55:34 AM org.apache.catalina.startup.VersionLoggerListener log
INFO: JVM Vendor:            Oracle Corporation
Feb 24, 2019 1:55:34 AM org.apache.catalina.startup.VersionLoggerListener log
INFO: CATALINA_BASE:         /home/ubuntu/distross/apache-tomcat-7.0.92
Feb 24, 2019 1:55:34 AM org.apache.catalina.startup.VersionLoggerListener log
INFO: CATALINA_HOME:         /home/ubuntu/distross/apache-tomcat-7.0.92
Feb 24, 2019 1:55:34 AM org.apache.catalina.startup.VersionLoggerListener log
INFO: Command line argument: -Djava.util.logging.config.file=/home/ubuntu/distross/apache-tomcat-7.0.92/conf/logging.properties
Feb 24, 2019 1:55:34 AM org.apache.catalina.startup.VersionLoggerListener log
INFO: Command line argument: -Djava.util.logging.manager=org.apache.juli.ClassLoaderLogManager
Feb 24, 2019 1:55:34 AM org.apache.catalina.startup.VersionLoggerListener log
INFO: Command line argument: -Djdk.tls.ephemeralDHKeySize=2048
Feb 24, 2019 1:55:34 AM org.apache.catalina.startup.VersionLoggerListener log
INFO: Command line argument: -Dignore.endorsed.dirs=
Feb 24, 2019 1:55:34 AM org.apache.catalina.startup.VersionLoggerListener log
INFO: Command line argument: -Dcatalina.base=/home/ubuntu/distross/apache-tomcat-7.0.92
Feb 24, 2019 1:55:34 AM org.apache.catalina.startup.VersionLoggerListener log
INFO: Command line argument: -Dcatalina.home=/home/ubuntu/distross/apache-tomcat-7.0.92
Feb 24, 2019 1:55:34 AM org.apache.catalina.startup.VersionLoggerListener log
INFO: Command line argument: -Djava.io.tmpdir=/home/ubuntu/distross/apache-tomcat-7.0.92/temp
Feb 24, 2019 1:55:34 AM org.apache.catalina.core.AprLifecycleListener lifecycleEvent
INFO: The APR based Apache Tomcat Native library which allows optimal performance in production environments was not found on the java.library.path: /usr/java/packages/lib/amd64:/usr/lib/x86_64-linux-gnu/jni:/lib/x86_64-linux-gnu:/usr/lib/x86_64-linux-gnu:/usr/lib/jni:/lib:/usr/lib
Feb 24, 2019 1:55:34 AM org.apache.coyote.AbstractProtocol init
INFO: Initializing ProtocolHandler ["http-bio-8080"]
Feb 24, 2019 1:55:34 AM org.apache.coyote.AbstractProtocol init
INFO: Initializing ProtocolHandler ["ajp-bio-8009"]
Feb 24, 2019 1:55:34 AM org.apache.catalina.startup.Catalina load
INFO: Initialization processed in 1234 ms
Feb 24, 2019 1:55:34 AM org.apache.catalina.core.StandardService startInternal
INFO: Starting service Catalina
Feb 24, 2019 1:55:34 AM org.apache.catalina.core.StandardEngine startInternal
INFO: Starting Servlet Engine: Apache Tomcat/7.0.92
Feb 24, 2019 1:55:34 AM org.apache.catalina.startup.HostConfig deployWAR
INFO: Deploying web application archive /home/ubuntu/distross/apache-tomcat-7.0.92/webapps/flipkart.war
Feb 24, 2019 1:55:35 AM org.apache.catalina.startup.HostConfig deployWAR
INFO: Deployment of web application archive /home/ubuntu/distross/apache-tomcat-7.0.92/webapps/flipkart.war has finished in 749 ms
Feb 24, 2019 1:55:35 AM org.apache.catalina.startup.HostConfig deployDirectory
INFO: Deploying web application directory /home/ubuntu/distross/apache-tomcat-7.0.92/webapps/manager
Feb 24, 2019 1:55:35 AM org.apache.catalina.startup.HostConfig deployDirectory
INFO: Deployment of web application directory /home/ubuntu/distross/apache-tomcat-7.0.92/webapps/manager has finished in 135 ms
Feb 24, 2019 1:55:35 AM org.apache.catalina.startup.HostConfig deployDirectory
INFO: Deploying web application directory /home/ubuntu/distross/apache-tomcat-7.0.92/webapps/docs
Feb 24, 2019 1:55:35 AM org.apache.catalina.startup.HostConfig deployDirectory
INFO: Deployment of web application directory /home/ubuntu/distross/apache-tomcat-7.0.92/webapps/docs has finished in 94 ms
Feb 24, 2019 1:55:35 AM org.apache.catalina.startup.HostConfig deployDirectory
INFO: Deploying web application directory /home/ubuntu/distross/apache-tomcat-7.0.92/webapps/examples
Feb 24, 2019 1:55:36 AM org.apache.catalina.startup.HostConfig deployDirectory
INFO: Deployment of web application directory /home/ubuntu/distross/apache-tomcat-7.0.92/webapps/examples has finished in 417 ms
Feb 24, 2019 1:55:36 AM org.apache.catalina.startup.HostConfig deployDirectory
INFO: Deploying web application directory /home/ubuntu/distross/apache-tomcat-7.0.92/webapps/host-manager
Feb 24, 2019 1:55:36 AM org.apache.catalina.startup.HostConfig deployDirectory
INFO: Deployment of web application directory /home/ubuntu/distross/apache-tomcat-7.0.92/webapps/host-manager has finished in 81 ms
Feb 24, 2019 1:55:36 AM org.apache.catalina.startup.HostConfig deployDirectory
INFO: Deploying web application directory /home/ubuntu/distross/apache-tomcat-7.0.92/webapps/ROOT
Feb 24, 2019 1:55:36 AM org.apache.catalina.startup.HostConfig deployDirectory
INFO: Deployment of web application directory /home/ubuntu/distross/apache-tomcat-7.0.92/webapps/ROOT has finished in 62 ms
Feb 24, 2019 1:55:36 AM org.apache.coyote.AbstractProtocol start
INFO: Starting ProtocolHandler ["http-bio-8080"]
Feb 24, 2019 1:55:36 AM org.apache.coyote.AbstractProtocol start
INFO: Starting ProtocolHandler ["ajp-bio-8009"]
Feb 24, 2019 1:55:36 AM org.apache.catalina.startup.Catalina start
INFO: Server startup in 1714 ms
Feb 24, 2019 2:10:14 AM org.apache.coyote.AbstractProtocol pause
INFO: Pausing ProtocolHandler ["http-bio-8080"]
Feb 24, 2019 2:10:14 AM org.apache.coyote.AbstractProtocol pause
INFO: Pausing ProtocolHandler ["ajp-bio-8009"]
Feb 24, 2019 2:10:14 AM org.apache.catalina.core.StandardService stopInternal
INFO: Stopping service Catalina
Feb 24, 2019 2:10:14 AM org.apache.coyote.AbstractProtocol stop
INFO: Stopping ProtocolHandler ["http-bio-8080"]
Feb 24, 2019 2:10:14 AM org.apache.coyote.AbstractProtocol stop
INFO: Stopping ProtocolHandler ["ajp-bio-8009"]
Feb 24, 2019 2:10:14 AM org.apache.coyote.AbstractProtocol destroy
INFO: Destroying ProtocolHandler ["http-bio-8080"]
Feb 24, 2019 2:10:14 AM org.apache.coyote.AbstractProtocol destroy
INFO: Destroying ProtocolHandler ["ajp-bio-8009"]
Feb 26, 2019 2:42:34 PM org.apache.catalina.startup.VersionLoggerListener log
INFO: Server version:        Apache Tomcat/7.0.92
Feb 26, 2019 2:42:34 PM org.apache.catalina.startup.VersionLoggerListener log
INFO: Server built:          Nov 9 2018 11:07:44 UTC
Feb 26, 2019 2:42:34 PM org.apache.catalina.startup.VersionLoggerListener log
INFO: Server number:         7.0.92.0
Feb 26, 2019 2:42:34 PM org.apache.catalina.startup.VersionLoggerListener log
INFO: OS Name:               Linux
Feb 26, 2019 2:42:34 PM org.apache.catalina.startup.VersionLoggerListener log
INFO: OS Version:            4.4.0-1075-aws
Feb 26, 2019 2:42:34 PM org.apache.catalina.startup.VersionLoggerListener log
INFO: Architecture:          amd64
Feb 26, 2019 2:42:34 PM org.apache.catalina.startup.VersionLoggerListener log
INFO: Java Home:             /usr/lib/jvm/java-8-openjdk-amd64/jre
Feb 26, 2019 2:42:34 PM org.apache.catalina.startup.VersionLoggerListener log
INFO: JVM Version:           1.8.0_191-8u191-b12-2ubuntu0.16.04.1-b12
Feb 26, 2019 2:42:34 PM org.apache.catalina.startup.VersionLoggerListener log
INFO: JVM Vendor:            Oracle Corporation
Feb 26, 2019 2:42:34 PM org.apache.catalina.startup.VersionLoggerListener log
INFO: CATALINA_BASE:         /home/ubuntu/distross/apache-tomcat-7.0.92
Feb 26, 2019 2:42:34 PM org.apache.catalina.startup.VersionLoggerListener log
INFO: CATALINA_HOME:         /home/ubuntu/distross/apache-tomcat-7.0.92
Feb 26, 2019 2:42:34 PM org.apache.catalina.startup.VersionLoggerListener log
INFO: Command line argument: -Djava.util.logging.config.file=/home/ubuntu/distross/apache-tomcat-7.0.92/conf/logging.properties
Feb 26, 2019 2:42:34 PM org.apache.catalina.startup.VersionLoggerListener log
INFO: Command line argument: -Djava.util.logging.manager=org.apache.juli.ClassLoaderLogManager
Feb 26, 2019 2:42:34 PM org.apache.catalina.startup.VersionLoggerListener log
INFO: Command line argument: -Djdk.tls.ephemeralDHKeySize=2048
Feb 26, 2019 2:42:34 PM org.apache.catalina.startup.VersionLoggerListener log
INFO: Command line argument: -Dignore.endorsed.dirs=
Feb 26, 2019 2:42:34 PM org.apache.catalina.startup.VersionLoggerListener log
INFO: Command line argument: -Dcatalina.base=/home/ubuntu/distross/apache-tomcat-7.0.92
Feb 26, 2019 2:42:34 PM org.apache.catalina.startup.VersionLoggerListener log
INFO: Command line argument: -Dcatalina.home=/home/ubuntu/distross/apache-tomcat-7.0.92
Feb 26, 2019 2:42:34 PM org.apache.catalina.startup.VersionLoggerListener log
INFO: Command line argument: -Djava.io.tmpdir=/home/ubuntu/distross/apache-tomcat-7.0.92/temp
Feb 26, 2019 2:42:34 PM org.apache.catalina.core.AprLifecycleListener lifecycleEvent
INFO: The APR based Apache Tomcat Native library which allows optimal performance in production environments was not found on the java.library.path: /usr/java/packages/lib/amd64:/usr/lib/x86_64-linux-gnu/jni:/lib/x86_64-linux-gnu:/usr/lib/x86_64-linux-gnu:/usr/lib/jni:/lib:/usr/lib
Feb 26, 2019 2:42:34 PM org.apache.coyote.AbstractProtocol init
INFO: Initializing ProtocolHandler ["http-bio-8080"]
Feb 26, 2019 2:42:34 PM org.apache.coyote.AbstractProtocol init
INFO: Initializing ProtocolHandler ["ajp-bio-8009"]
Feb 26, 2019 2:42:34 PM org.apache.catalina.startup.Catalina load
INFO: Initialization processed in 1237 ms
Feb 26, 2019 2:42:35 PM org.apache.catalina.core.StandardService startInternal
INFO: Starting service Catalina
Feb 26, 2019 2:42:35 PM org.apache.catalina.core.StandardEngine startInternal
INFO: Starting Servlet Engine: Apache Tomcat/7.0.92
Feb 26, 2019 2:42:35 PM org.apache.catalina.startup.HostConfig deployWAR
INFO: Deploying web application archive /home/ubuntu/distross/apache-tomcat-7.0.92/webapps/flipkart.war
Feb 26, 2019 2:42:54 PM org.apache.catalina.util.SessionIdGeneratorBase createSecureRandom
WARNING: Creation of SecureRandom instance for session ID generation using [SHA1PRNG] took [18,322] milliseconds.
Feb 26, 2019 2:42:54 PM org.apache.catalina.startup.HostConfig deployWAR
INFO: Deployment of web application archive /home/ubuntu/distross/apache-tomcat-7.0.92/webapps/flipkart.war has finished in 19,004 ms
Feb 26, 2019 2:42:54 PM org.apache.catalina.startup.HostConfig deployDirectory
INFO: Deploying web application directory /home/ubuntu/distross/apache-tomcat-7.0.92/webapps/manager
Feb 26, 2019 2:42:54 PM org.apache.catalina.startup.HostConfig deployDirectory
INFO: Deployment of web application directory /home/ubuntu/distross/apache-tomcat-7.0.92/webapps/manager has finished in 128 ms
Feb 26, 2019 2:42:54 PM org.apache.catalina.startup.HostConfig deployDirectory
INFO: Deploying web application directory /home/ubuntu/distross/apache-tomcat-7.0.92/webapps/docs
Feb 26, 2019 2:42:54 PM org.apache.catalina.startup.HostConfig deployDirectory
INFO: Deployment of web application directory /home/ubuntu/distross/apache-tomcat-7.0.92/webapps/docs has finished in 86 ms
Feb 26, 2019 2:42:54 PM org.apache.catalina.startup.HostConfig deployDirectory
INFO: Deploying web application directory /home/ubuntu/distross/apache-tomcat-7.0.92/webapps/examples
Feb 26, 2019 2:42:54 PM org.apache.catalina.startup.HostConfig deployDirectory
INFO: Deployment of web application directory /home/ubuntu/distross/apache-tomcat-7.0.92/webapps/examples has finished in 396 ms
Feb 26, 2019 2:42:54 PM org.apache.catalina.startup.HostConfig deployDirectory
INFO: Deploying web application directory /home/ubuntu/distross/apache-tomcat-7.0.92/webapps/host-manager
Feb 26, 2019 2:42:54 PM org.apache.catalina.startup.HostConfig deployDirectory
INFO: Deployment of web application directory /home/ubuntu/distross/apache-tomcat-7.0.92/webapps/host-manager has finished in 78 ms
Feb 26, 2019 2:42:54 PM org.apache.catalina.startup.HostConfig deployDirectory
INFO: Deploying web application directory /home/ubuntu/distross/apache-tomcat-7.0.92/webapps/ROOT
Feb 26, 2019 2:42:54 PM org.apache.catalina.startup.HostConfig deployDirectory
INFO: Deployment of web application directory /home/ubuntu/distross/apache-tomcat-7.0.92/webapps/ROOT has finished in 49 ms
Feb 26, 2019 2:42:54 PM org.apache.coyote.AbstractProtocol start
INFO: Starting ProtocolHandler ["http-bio-8080"]
Feb 26, 2019 2:42:54 PM org.apache.coyote.AbstractProtocol start
INFO: Starting ProtocolHandler ["ajp-bio-8009"]
Feb 26, 2019 2:42:54 PM org.apache.catalina.startup.Catalina start
INFO: Server startup in 19891 ms
Feb 27, 2019 1:13:27 AM org.apache.catalina.startup.HostConfig deployWAR
INFO: Deploying web application archive /home/ubuntu/distross/apache-tomcat-7.0.92/webapps/gamutkart.war
Feb 27, 2019 1:13:27 AM org.apache.catalina.startup.HostConfig deployWAR
INFO: Deployment of web application archive /home/ubuntu/distross/apache-tomcat-7.0.92/webapps/gamutkart.war has finished in 81 ms
Feb 27, 2019 1:41:33 AM org.apache.coyote.AbstractProtocol pause
INFO: Pausing ProtocolHandler ["http-bio-8080"]
Feb 27, 2019 1:41:33 AM org.apache.coyote.AbstractProtocol pause
INFO: Pausing ProtocolHandler ["ajp-bio-8009"]
Feb 27, 2019 1:41:33 AM org.apache.catalina.core.StandardService stopInternal
INFO: Stopping service Catalina
Feb 27, 2019 1:41:33 AM org.apache.coyote.AbstractProtocol stop
INFO: Stopping ProtocolHandler ["http-bio-8080"]
Feb 27, 2019 1:41:33 AM org.apache.coyote.AbstractProtocol stop
INFO: Stopping ProtocolHandler ["ajp-bio-8009"]
Feb 27, 2019 1:41:33 AM org.apache.coyote.AbstractProtocol destroy
INFO: Destroying ProtocolHandler ["http-bio-8080"]
Feb 27, 2019 1:41:33 AM org.apache.coyote.AbstractProtocol destroy
INFO: Destroying ProtocolHandler ["ajp-bio-8009"]
Mar 05, 2019 2:08:49 AM org.apache.catalina.startup.VersionLoggerListener log
INFO: Server version:        Apache Tomcat/7.0.92
Mar 05, 2019 2:08:49 AM org.apache.catalina.startup.VersionLoggerListener log
INFO: Server built:          Nov 9 2018 11:07:44 UTC
Mar 05, 2019 2:08:49 AM org.apache.catalina.startup.VersionLoggerListener log
INFO: Server number:         7.0.92.0
Mar 05, 2019 2:08:49 AM org.apache.catalina.startup.VersionLoggerListener log
INFO: OS Name:               Linux
Mar 05, 2019 2:08:49 AM org.apache.catalina.startup.VersionLoggerListener log
INFO: OS Version:            4.4.0-1075-aws
Mar 05, 2019 2:08:49 AM org.apache.catalina.startup.VersionLoggerListener log
INFO: Architecture:          amd64
Mar 05, 2019 2:08:49 AM org.apache.catalina.startup.VersionLoggerListener log
INFO: Java Home:             /usr/lib/jvm/java-8-openjdk-amd64/jre
Mar 05, 2019 2:08:49 AM org.apache.catalina.startup.VersionLoggerListener log
INFO: JVM Version:           1.8.0_191-8u191-b12-2ubuntu0.16.04.1-b12
Mar 05, 2019 2:08:49 AM org.apache.catalina.startup.VersionLoggerListener log
INFO: JVM Vendor:            Oracle Corporation
Mar 05, 2019 2:08:49 AM org.apache.catalina.startup.VersionLoggerListener log
INFO: CATALINA_BASE:         /home/ubuntu/distross/apache-tomcat-7.0.92
Mar 05, 2019 2:08:49 AM org.apache.catalina.startup.VersionLoggerListener log
INFO: CATALINA_HOME:         /home/ubuntu/distross/apache-tomcat-7.0.92
Mar 05, 2019 2:08:49 AM org.apache.catalina.startup.VersionLoggerListener log
INFO: Command line argument: -Djava.util.logging.config.file=/home/ubuntu/distross/apache-tomcat-7.0.92/conf/logging.properties
Mar 05, 2019 2:08:49 AM org.apache.catalina.startup.VersionLoggerListener log
INFO: Command line argument: -Djava.util.logging.manager=org.apache.juli.ClassLoaderLogManager
Mar 05, 2019 2:08:49 AM org.apache.catalina.startup.VersionLoggerListener log
INFO: Command line argument: -Djdk.tls.ephemeralDHKeySize=2048
Mar 05, 2019 2:08:49 AM org.apache.catalina.startup.VersionLoggerListener log
INFO: Command line argument: -Dignore.endorsed.dirs=
Mar 05, 2019 2:08:49 AM org.apache.catalina.startup.VersionLoggerListener log
INFO: Command line argument: -Dcatalina.base=/home/ubuntu/distross/apache-tomcat-7.0.92
Mar 05, 2019 2:08:49 AM org.apache.catalina.startup.VersionLoggerListener log
INFO: Command line argument: -Dcatalina.home=/home/ubuntu/distross/apache-tomcat-7.0.92
Mar 05, 2019 2:08:49 AM org.apache.catalina.startup.VersionLoggerListener log
INFO: Command line argument: -Djava.io.tmpdir=/home/ubuntu/distross/apache-tomcat-7.0.92/temp
Mar 05, 2019 2:08:49 AM org.apache.catalina.core.AprLifecycleListener lifecycleEvent
INFO: The APR based Apache Tomcat Native library which allows optimal performance in production environments was not found on the java.library.path: /usr/java/packages/lib/amd64:/usr/lib/x86_64-linux-gnu/jni:/lib/x86_64-linux-gnu:/usr/lib/x86_64-linux-gnu:/usr/lib/jni:/lib:/usr/lib
Mar 05, 2019 2:08:50 AM org.apache.coyote.AbstractProtocol init
INFO: Initializing ProtocolHandler ["http-bio-8080"]
Mar 05, 2019 2:08:50 AM org.apache.coyote.AbstractProtocol init
INFO: Initializing ProtocolHandler ["ajp-bio-8009"]
Mar 05, 2019 2:08:50 AM org.apache.catalina.startup.Catalina load
INFO: Initialization processed in 1213 ms
Mar 05, 2019 2:08:50 AM org.apache.catalina.core.StandardService startInternal
INFO: Starting service Catalina
Mar 05, 2019 2:08:50 AM org.apache.catalina.core.StandardEngine startInternal
INFO: Starting Servlet Engine: Apache Tomcat/7.0.92
Mar 05, 2019 2:08:50 AM org.apache.catalina.startup.HostConfig deployWAR
INFO: Deploying web application archive /home/ubuntu/distross/apache-tomcat-7.0.92/webapps/jenkins.war
Mar 05, 2019 2:08:52 AM org.apache.catalina.deploy.WebXml setVersion
WARNING: Unknown version string [3.1]. Default version will be used.
Mar 05, 2019 2:08:56 AM org.apache.catalina.startup.ContextConfig validateSecurityRoles
WARNING: Security role name ** used in an <auth-constraint> without being defined in a <security-role>
Mar 05, 2019 2:08:56 AM org.apache.catalina.startup.TldConfig execute
INFO: At least one JAR was scanned for TLDs yet contained no TLDs. Enable debug logging for this logger for a complete list of JARs that were scanned but no TLDs were found in them. Skipping unneeded JARs during scanning can improve startup time and JSP compilation time.
Jenkins home directory: /home/ubuntu/.jenkins found at: $user.home/.jenkins
Mar 05, 2019 2:08:57 AM org.apache.catalina.startup.HostConfig deployWAR
INFO: Deployment of web application archive /home/ubuntu/distross/apache-tomcat-7.0.92/webapps/jenkins.war has finished in 7,356 ms
Mar 05, 2019 2:08:57 AM org.apache.catalina.startup.HostConfig deployWAR
INFO: Deploying web application archive /home/ubuntu/distross/apache-tomcat-7.0.92/webapps/flipkart.war
Mar 05, 2019 2:08:57 AM org.apache.catalina.startup.HostConfig deployWAR
INFO: Deployment of web application archive /home/ubuntu/distross/apache-tomcat-7.0.92/webapps/flipkart.war has finished in 150 ms
Mar 05, 2019 2:08:57 AM org.apache.catalina.startup.HostConfig deployWAR
INFO: Deploying web application archive /home/ubuntu/distross/apache-tomcat-7.0.92/webapps/gamutkart.war
Mar 05, 2019 2:08:57 AM org.apache.catalina.startup.HostConfig deployWAR
INFO: Deployment of web application archive /home/ubuntu/distross/apache-tomcat-7.0.92/webapps/gamutkart.war has finished in 112 ms
Mar 05, 2019 2:08:57 AM org.apache.catalina.startup.HostConfig deployDirectory
INFO: Deploying web application directory /home/ubuntu/distross/apache-tomcat-7.0.92/webapps/manager
Mar 05, 2019 2:08:58 AM org.apache.catalina.startup.HostConfig deployDirectory
INFO: Deployment of web application directory /home/ubuntu/distross/apache-tomcat-7.0.92/webapps/manager has finished in 208 ms
Mar 05, 2019 2:08:58 AM org.apache.catalina.startup.HostConfig deployDirectory
INFO: Deploying web application directory /home/ubuntu/distross/apache-tomcat-7.0.92/webapps/docs
Mar 05, 2019 2:08:58 AM org.apache.catalina.startup.HostConfig deployDirectory
INFO: Deployment of web application directory /home/ubuntu/distross/apache-tomcat-7.0.92/webapps/docs has finished in 81 ms
Mar 05, 2019 2:08:58 AM org.apache.catalina.startup.HostConfig deployDirectory
INFO: Deploying web application directory /home/ubuntu/distross/apache-tomcat-7.0.92/webapps/examples
Mar 05, 2019 2:08:58 AM org.apache.catalina.startup.HostConfig deployDirectory
INFO: Deployment of web application directory /home/ubuntu/distross/apache-tomcat-7.0.92/webapps/examples has finished in 482 ms
Mar 05, 2019 2:08:58 AM org.apache.catalina.startup.HostConfig deployDirectory
INFO: Deploying web application directory /home/ubuntu/distross/apache-tomcat-7.0.92/webapps/host-manager
Mar 05, 2019 2:08:58 AM org.apache.catalina.startup.HostConfig deployDirectory
INFO: Deployment of web application directory /home/ubuntu/distross/apache-tomcat-7.0.92/webapps/host-manager has finished in 103 ms
Mar 05, 2019 2:08:58 AM org.apache.catalina.startup.HostConfig deployDirectory
INFO: Deploying web application directory /home/ubuntu/distross/apache-tomcat-7.0.92/webapps/ROOT
Mar 05, 2019 2:08:58 AM org.apache.catalina.startup.HostConfig deployDirectory
INFO: Deployment of web application directory /home/ubuntu/distross/apache-tomcat-7.0.92/webapps/ROOT has finished in 72 ms
Mar 05, 2019 2:08:58 AM org.apache.coyote.AbstractProtocol start
INFO: Starting ProtocolHandler ["http-bio-8080"]
Mar 05, 2019 2:08:58 AM org.apache.coyote.AbstractProtocol start
INFO: Starting ProtocolHandler ["ajp-bio-8009"]
Mar 05, 2019 2:08:58 AM org.apache.catalina.startup.Catalina start
INFO: Server startup in 8761 ms
Mar 05, 2019 2:09:00 AM jenkins.InitReactorRunner$1 onAttained
INFO: Started initialization
Mar 05, 2019 2:09:00 AM jenkins.InitReactorRunner$1 onAttained
INFO: Listed all plugins
Mar 05, 2019 2:09:02 AM jenkins.InitReactorRunner$1 onAttained
INFO: Prepared all plugins
Mar 05, 2019 2:09:02 AM jenkins.InitReactorRunner$1 onAttained
INFO: Started all plugins
Mar 05, 2019 2:09:02 AM jenkins.InitReactorRunner$1 onAttained
INFO: Augmented all extensions
Mar 05, 2019 2:09:04 AM jenkins.InitReactorRunner$1 onAttained
INFO: Loaded all jobs
Mar 05, 2019 2:09:04 AM hudson.model.AsyncPeriodicWork$1 run
INFO: Started Download metadata
Mar 05, 2019 2:09:07 AM org.springframework.context.support.AbstractApplicationContext prepareRefresh
INFO: Refreshing org.springframework.web.context.support.StaticWebApplicationContext@23310cad: display name [Root WebApplicationContext]; startup date [Tue Mar 05 02:09:07 UTC 2019]; root of context hierarchy
Mar 05, 2019 2:09:07 AM org.springframework.context.support.AbstractApplicationContext obtainFreshBeanFactory
INFO: Bean factory for application context [org.springframework.web.context.support.StaticWebApplicationContext@23310cad]: org.springframework.beans.factory.support.DefaultListableBeanFactory@37bc12ac
Mar 05, 2019 2:09:07 AM org.springframework.beans.factory.support.DefaultListableBeanFactory preInstantiateSingletons
INFO: Pre-instantiating singletons in org.springframework.beans.factory.support.DefaultListableBeanFactory@37bc12ac: defining beans [authenticationManager]; root of factory hierarchy
Mar 05, 2019 2:09:07 AM org.springframework.context.support.AbstractApplicationContext prepareRefresh
INFO: Refreshing org.springframework.web.context.support.StaticWebApplicationContext@433f1d74: display name [Root WebApplicationContext]; startup date [Tue Mar 05 02:09:07 UTC 2019]; root of context hierarchy
Mar 05, 2019 2:09:07 AM org.springframework.context.support.AbstractApplicationContext obtainFreshBeanFactory
INFO: Bean factory for application context [org.springframework.web.context.support.StaticWebApplicationContext@433f1d74]: org.springframework.beans.factory.support.DefaultListableBeanFactory@3af8d7f4
Mar 05, 2019 2:09:07 AM org.springframework.beans.factory.support.DefaultListableBeanFactory preInstantiateSingletons
INFO: Pre-instantiating singletons in org.springframework.beans.factory.support.DefaultListableBeanFactory@3af8d7f4: defining beans [filter,legacy]; root of factory hierarchy
Mar 05, 2019 2:09:08 AM jenkins.install.SetupWizard init
INFO: 

*************************************************************
*************************************************************
*************************************************************

Jenkins initial setup is required. An admin user has been created and a password generated.
Please use the following password to proceed to installation:

d5fbb45d21804b8b91f93187f96e2fa7

This may also be found at: /home/ubuntu/.jenkins/secrets/initialAdminPassword

*************************************************************
*************************************************************
*************************************************************

Mar 05, 2019 2:09:16 AM hudson.model.UpdateSite updateData
INFO: Obtained the latest update center data file for UpdateSource default
Mar 05, 2019 2:09:16 AM hudson.model.UpdateSite updateData
INFO: Obtained the latest update center data file for UpdateSource default
Mar 05, 2019 2:09:17 AM jenkins.InitReactorRunner$1 onAttained
INFO: Completed initialization
Mar 05, 2019 2:09:17 AM hudson.model.DownloadService$Downloadable load
INFO: Obtained the updated data file for hudson.tasks.Maven.MavenInstaller
Mar 05, 2019 2:09:17 AM hudson.model.AsyncPeriodicWork$1 run
INFO: Finished Download metadata. 12,695 ms
Mar 05, 2019 2:09:17 AM hudson.WebAppMain$3 run
INFO: Jenkins is fully up and running
